#
# An unexpected error has occurred (11)
#
Stack:
/lib/x86_64-linux-gnu/libc.so.6(+0x3f040) [0x7f8d6c217040]
/opt/Xilinx/Vivado/2018.1/lib/lnx64.o/libverific.so(Verific::VhdlForScheme::VhdlForScheme(Verific::VhdlIdRef*, Verific::VhdlDiscreteRange*, unsigned int)+0xc7) [0x7f8d6dd37417]
/opt/Xilinx/Vivado/2018.1/lib/lnx64.o/libverific.so(vhdlparse()+0x8d80) [0x7f8d6de2fd80]
/opt/Xilinx/Vivado/2018.1/lib/lnx64.o/libverific.so(Verific::vhdl_file::Analyze(char const*, char const*, unsigned int)+0xb9) [0x7f8d6de04179]
srcscanner() [0x4927c9]
srcscanner() [0x499d20]
srcscanner() [0x49a0c6]
srcscanner() [0x44ef30]
srcscanner() [0x473518]
/opt/Xilinx/Vivado/2018.1/lib/lnx64.o/libtcl8.5.so(TclInvokeStringCommand+0x76) [0x7f8d6e3d2f66]
/opt/Xilinx/Vivado/2018.1/lib/lnx64.o/libtcl8.5.so(+0x334af) [0x7f8d6e3d74af]
/opt/Xilinx/Vivado/2018.1/lib/lnx64.o/libtcl8.5.so(+0x34b38) [0x7f8d6e3d8b38]
/opt/Xilinx/Vivado/2018.1/lib/lnx64.o/libtcl8.5.so(Tcl_EvalEx+0x13) [0x7f8d6e3d90a3]
/opt/Xilinx/Vivado/2018.1/lib/lnx64.o/libtcl8.5.so(Tcl_Eval+0x15) [0x7f8d6e3d90c5]
srcscanner(main+0x293) [0x43a4b3]
/lib/x86_64-linux-gnu/libc.so.6(__libc_start_main+0xe7) [0x7f8d6c1f9bf7]
srcscanner() [0x43d4a9]
