#-----------------------------------------------------------
# Vivado v2018.1 (64-bit)
# SW Build 2188600 on Wed Apr  4 18:39:19 MDT 2018
# IP Build 2185939 on Wed Apr  4 20:55:05 MDT 2018
# Start of session at: Sat Apr  3 04:36:55 2021
# Process ID: 24404
# Current directory: /home/pablo/Documentos/Especialización/5_CLP/Codigos/fft/simulacion
# Command line: vivado
# Log file: /home/pablo/Documentos/Especialización/5_CLP/Codigos/fft/simulacion/vivado.log
# Journal file: /home/pablo/Documentos/Especialización/5_CLP/Codigos/fft/simulacion/vivado.jou
#-----------------------------------------------------------
start_gui
create_project contador_Nfft /home/pablo/Documentos/Especializacin/5_CLP/Codigos/contador_Nfft/simulacion/contador_Nfft -part xc7z010clg400-1
INFO: [IP_Flow 19-234] Refreshing IP repositories
INFO: [IP_Flow 19-1704] No user IP repositories specified
INFO: [IP_Flow 19-2313] Loaded Vivado IP repository '/opt/Xilinx/Vivado/2018.1/data/ip'.
set_property board_part digilentinc.com:arty-z7-10:part0:1.0 [current_project]
set_property target_language VHDL [current_project]
add_files -norecurse -scan_for_includes /home/pablo/Documentos/Especialización/5_CLP/Codigos/contador_Nfft/fuentes/contador_Nfft.vhd
update_compile_order -fileset sources_1
update_compile_order -fileset sources_1
update_compile_order -fileset sources_1
WARNING: [IP_Flow 19-3899] Cannot get the environment domain name variable for the component vendor name. Setting the vendor name to 'user.org'.
add_files -norecurse -scan_for_includes /home/pablo/Documentos/Especialización/5_CLP/Codigos/contador_Nfft/fuentes/fft.vhd
update_compile_order -fileset sources_1
add_files -norecurse -scan_for_includes /home/pablo/Documentos/Especialización/5_CLP/Codigos/contador_Nfft/fuentes/fft.vhd
WARNING: [filemgmt 56-12] File '/home/pablo/Documentos/Especialización/5_CLP/Codigos/contador_Nfft/fuentes/fft.vhd' cannot be added to the project because it already exists in the project, skipping this file
update_compile_order -fileset sources_1
launch_simulation
INFO: [Vivado 12-5682] Launching behavioral simulation in '/home/pablo/Documentos/Especializacin/5_CLP/Codigos/contador_Nfft/simulacion/contador_Nfft/contador_Nfft.sim/sim_1/behav/xsim'
INFO: [SIM-utils-51] Simulation object is 'sim_1'
INFO: [SIM-utils-54] Inspecting design source files for 'contador_Nfft' in fileset 'sim_1'...
INFO: [USF-XSim-97] Finding global include files...
INFO: [USF-XSim-98] Fetching design files from 'sim_1'...
INFO: [USF-XSim-2] XSim::Compile design
INFO: [USF-XSim-61] Executing 'COMPILE and ANALYZE' step in '/home/pablo/Documentos/Especializacin/5_CLP/Codigos/contador_Nfft/simulacion/contador_Nfft/contador_Nfft.sim/sim_1/behav/xsim'
INFO: [USF-XSim-69] 'compile' step finished in '0' seconds
INFO: [USF-XSim-3] XSim::Elaborate design
INFO: [USF-XSim-61] Executing 'ELABORATE' step in '/home/pablo/Documentos/Especializacin/5_CLP/Codigos/contador_Nfft/simulacion/contador_Nfft/contador_Nfft.sim/sim_1/behav/xsim'
Vivado Simulator 2018.1
Copyright 1986-1999, 2001-2017 Xilinx, Inc. All Rights Reserved.
Running: /opt/Xilinx/Vivado/2018.1/bin/unwrapped/lnx64.o/xelab -wto e134421b0e0e42b593bff25037272846 --incr --debug typical --relax --mt 8 -L secureip --snapshot contador_Nfft_behav xil_defaultlib.contador_Nfft -log elaborate.log 
Using 8 slave threads.
ERROR: [XSIM 43-3225] Cannot find design unit xil_defaultlib.contador_Nfft in library work located at xsim.dir/work.
INFO: [USF-XSim-69] 'elaborate' step finished in '1' seconds
INFO: [USF-XSim-99] Step results log file:'/home/pablo/Documentos/Especializacin/5_CLP/Codigos/contador_Nfft/simulacion/contador_Nfft/contador_Nfft.sim/sim_1/behav/xsim/elaborate.log'
ERROR: [USF-XSim-62] 'elaborate' step failed with error(s). Please check the Tcl console output or '/home/pablo/Documentos/Especializacin/5_CLP/Codigos/contador_Nfft/simulacion/contador_Nfft/contador_Nfft.sim/sim_1/behav/xsim/elaborate.log' file for more information.
ERROR: [Vivado 12-4473] Detected error while running simulation. Please correct the issue and retry this operation.
ERROR: [Common 17-39] 'launch_simulation' failed due to earlier errors.
set_property SOURCE_SET sources_1 [get_filesets sim_1]
add_files -fileset sim_1 -norecurse -scan_for_includes /home/pablo/Documentos/Especialización/5_CLP/Codigos/contador_Nfft/fuentes/contador_Nfft_tb.vhd
update_compile_order -fileset sim_1
export_ip_user_files -of_objects  [get_files /home/pablo/Documentos/Especialización/5_CLP/Codigos/contador_Nfft/fuentes/fft.vhd] -no_script -reset -force -quiet
remove_files  /home/pablo/Documentos/Especialización/5_CLP/Codigos/contador_Nfft/fuentes/fft.vhd
exit
INFO: [Common 17-206] Exiting Vivado at Sat Apr  3 05:36:16 2021...
