#-----------------------------------------------------------
# Vivado v2018.1 (64-bit)
# SW Build 2188600 on Wed Apr  4 18:39:19 MDT 2018
# IP Build 2185939 on Wed Apr  4 20:55:05 MDT 2018
# Start of session at: Mon Apr  5 02:43:25 2021
# Process ID: 30098
# Current directory: /home/pablo/Documentos/Especialización/5_CLP/Codigos/3_sum_rest4b/simulacion
# Command line: vivado
# Log file: /home/pablo/Documentos/Especialización/5_CLP/Codigos/3_sum_rest4b/simulacion/vivado.log
# Journal file: /home/pablo/Documentos/Especialización/5_CLP/Codigos/3_sum_rest4b/simulacion/vivado.jou
#-----------------------------------------------------------
start_gui
create_project sum_rest4b /home/pablo/Documentos/Especializacin/5_CLP/Codigos/3_sum_rest4b/simulacion/sum_rest4b -part xc7a12ticsg325-1L
INFO: [IP_Flow 19-234] Refreshing IP repositories
INFO: [IP_Flow 19-1704] No user IP repositories specified
INFO: [IP_Flow 19-2313] Loaded Vivado IP repository '/opt/Xilinx/Vivado/2018.1/data/ip'.
set_property target_language VHDL [current_project]
add_files -norecurse -scan_for_includes /home/pablo/Documentos/Especialización/5_CLP/Codigos/3_sum_rest4b/fuentes/sum_rest4b.vhd
import_files -force -norecurse
INFO: [filemgmt 20-348] Importing the appropriate files for fileset: 'sources_1'
update_compile_order -fileset sources_1
set_property SOURCE_SET sources_1 [get_filesets sim_1]
add_files -fileset sim_1 -norecurse -scan_for_includes /home/pablo/Documentos/Especialización/5_CLP/Codigos/3_sum_rest4b/fuentes/sum_rest4b_tb.vhd
import_files -fileset sim_1 -norecurse /home/pablo/Documentos/Especialización/5_CLP/Codigos/3_sum_rest4b/fuentes/sum_rest4b_tb.vhd
update_compile_order -fileset sim_1
launch_simulation
INFO: [Vivado 12-5682] Launching behavioral simulation in '/home/pablo/Documentos/Especializacin/5_CLP/Codigos/3_sum_rest4b/simulacion/sum_rest4b/sum_rest4b.sim/sim_1/behav/xsim'
INFO: [SIM-utils-51] Simulation object is 'sim_1'
INFO: [SIM-utils-54] Inspecting design source files for 'sum_rest4b_tb' in fileset 'sim_1'...
INFO: [USF-XSim-97] Finding global include files...
INFO: [USF-XSim-98] Fetching design files from 'sim_1'...
INFO: [USF-XSim-2] XSim::Compile design
INFO: [USF-XSim-61] Executing 'COMPILE and ANALYZE' step in '/home/pablo/Documentos/Especializacin/5_CLP/Codigos/3_sum_rest4b/simulacion/sum_rest4b/sum_rest4b.sim/sim_1/behav/xsim'
xvhdl --incr --relax -prj sum_rest4b_tb_vhdl.prj
INFO: [VRFC 10-163] Analyzing VHDL file "/home/pablo/Documentos/Especializacin/5_CLP/Codigos/3_sum_rest4b/simulacion/sum_rest4b/sum_rest4b.srcs/sources_1/imports/fuentes/sum_rest4b.vhd" into library xil_defaultlib
INFO: [VRFC 10-307] analyzing entity sum_rest4b
INFO: [VRFC 10-163] Analyzing VHDL file "/home/pablo/Documentos/Especializacin/5_CLP/Codigos/3_sum_rest4b/simulacion/sum_rest4b/sum_rest4b.srcs/sim_1/imports/fuentes/sum_rest4b_tb.vhd" into library xil_defaultlib
INFO: [VRFC 10-307] analyzing entity sum_rest4b_tb
INFO: [USF-XSim-69] 'compile' step finished in '1' seconds
INFO: [USF-XSim-3] XSim::Elaborate design
INFO: [USF-XSim-61] Executing 'ELABORATE' step in '/home/pablo/Documentos/Especializacin/5_CLP/Codigos/3_sum_rest4b/simulacion/sum_rest4b/sum_rest4b.sim/sim_1/behav/xsim'
Vivado Simulator 2018.1
Copyright 1986-1999, 2001-2017 Xilinx, Inc. All Rights Reserved.
Running: /opt/Xilinx/Vivado/2018.1/bin/unwrapped/lnx64.o/xelab -wto a9fe0a72742947588f699d0713e15d39 --incr --debug typical --relax --mt 8 -L xil_defaultlib -L secureip --snapshot sum_rest4b_tb_behav xil_defaultlib.sum_rest4b_tb -log elaborate.log 
Using 8 slave threads.
Starting static elaboration
WARNING: [VRFC 10-122] sum_rest1b remains a black-box since it has no binding entity [/home/pablo/Documentos/Especializacin/5_CLP/Codigos/3_sum_rest4b/simulacion/sum_rest4b/sum_rest4b.srcs/sources_1/imports/fuentes/sum_rest4b.vhd:34]
WARNING: [VRFC 10-122] sum_rest1b remains a black-box since it has no binding entity [/home/pablo/Documentos/Especializacin/5_CLP/Codigos/3_sum_rest4b/simulacion/sum_rest4b/sum_rest4b.srcs/sources_1/imports/fuentes/sum_rest4b.vhd:44]
WARNING: [VRFC 10-122] sum_rest1b remains a black-box since it has no binding entity [/home/pablo/Documentos/Especializacin/5_CLP/Codigos/3_sum_rest4b/simulacion/sum_rest4b/sum_rest4b.srcs/sources_1/imports/fuentes/sum_rest4b.vhd:54]
WARNING: [VRFC 10-122] sum_rest1b remains a black-box since it has no binding entity [/home/pablo/Documentos/Especializacin/5_CLP/Codigos/3_sum_rest4b/simulacion/sum_rest4b/sum_rest4b.srcs/sources_1/imports/fuentes/sum_rest4b.vhd:64]
Completed static elaboration
Starting simulation data flow analysis
Completed simulation data flow analysis
Time Resolution for simulation is 1ps
Compiling package std.standard
Compiling package std.textio
Compiling package ieee.std_logic_1164
Compiling architecture sum_rest4b_arq of entity xil_defaultlib.sum_rest4b [sum_rest4b_default]
Compiling architecture sum_rest4b_tb_arq of entity xil_defaultlib.sum_rest4b_tb
Built simulation snapshot sum_rest4b_tb_behav

****** Webtalk v2018.1 (64-bit)
  **** SW Build 2188600 on Wed Apr  4 18:39:19 MDT 2018
  **** IP Build 2185939 on Wed Apr  4 20:55:05 MDT 2018
    ** Copyright 1986-2018 Xilinx, Inc. All Rights Reserved.

source /home/pablo/Documentos/Especializacin/5_CLP/Codigos/3_sum_rest4b/simulacion/sum_rest4b/sum_rest4b.sim/sim_1/behav/xsim/xsim.dir/sum_rest4b_tb_behav/webtalk/xsim_webtalk.tcl -notrace
INFO: [Common 17-206] Exiting Webtalk at Mon Apr  5 02:46:04 2021...
INFO: [USF-XSim-69] 'elaborate' step finished in '4' seconds
INFO: [USF-XSim-4] XSim::Simulate design
INFO: [USF-XSim-61] Executing 'SIMULATE' step in '/home/pablo/Documentos/Especializacin/5_CLP/Codigos/3_sum_rest4b/simulacion/sum_rest4b/sum_rest4b.sim/sim_1/behav/xsim'
INFO: [USF-XSim-98] *** Running xsim
   with args "sum_rest4b_tb_behav -key {Behavioral:sim_1:Functional:sum_rest4b_tb} -tclbatch {sum_rest4b_tb.tcl} -log {simulate.log}"
INFO: [USF-XSim-8] Loading simulator feature
Vivado Simulator 2018.1
Time resolution is 1 ps
source sum_rest4b_tb.tcl
# set curr_wave [current_wave_config]
# if { [string length $curr_wave] == 0 } {
#   if { [llength [get_objects]] > 0} {
#     add_wave /
#     set_property needs_save false [current_wave_config]
#   } else {
#      send_msg_id Add_Wave-1 WARNING "No top level signals found. Simulator will start without a wave window. If you want to open a wave window go to 'File->New Waveform Configuration' or type 'create_wave_config' in the TCL console."
#   }
# }
# run 1000ns
INFO: [USF-XSim-96] XSim completed. Design snapshot 'sum_rest4b_tb_behav' loaded.
INFO: [USF-XSim-97] XSim simulation ran for 1000ns
launch_simulation: Time (s): cpu = 00:00:13 ; elapsed = 00:00:08 . Memory (MB): peak = 6221.961 ; gain = 76.609 ; free physical = 158 ; free virtual = 3903
update_compile_order -fileset sim_1
close_sim
INFO: [Simtcl 6-16] Simulation closed
launch_simulation
INFO: [Vivado 12-5682] Launching behavioral simulation in '/home/pablo/Documentos/Especializacin/5_CLP/Codigos/3_sum_rest4b/simulacion/sum_rest4b/sum_rest4b.sim/sim_1/behav/xsim'
INFO: [SIM-utils-51] Simulation object is 'sim_1'
INFO: [SIM-utils-54] Inspecting design source files for 'sum_rest4b_tb' in fileset 'sim_1'...
INFO: [USF-XSim-97] Finding global include files...
INFO: [USF-XSim-98] Fetching design files from 'sim_1'...
INFO: [USF-XSim-2] XSim::Compile design
INFO: [USF-XSim-61] Executing 'COMPILE and ANALYZE' step in '/home/pablo/Documentos/Especializacin/5_CLP/Codigos/3_sum_rest4b/simulacion/sum_rest4b/sum_rest4b.sim/sim_1/behav/xsim'
xvhdl --incr --relax -prj sum_rest4b_tb_vhdl.prj
INFO: [USF-XSim-69] 'compile' step finished in '1' seconds
INFO: [USF-XSim-3] XSim::Elaborate design
INFO: [USF-XSim-61] Executing 'ELABORATE' step in '/home/pablo/Documentos/Especializacin/5_CLP/Codigos/3_sum_rest4b/simulacion/sum_rest4b/sum_rest4b.sim/sim_1/behav/xsim'
Vivado Simulator 2018.1
Copyright 1986-1999, 2001-2017 Xilinx, Inc. All Rights Reserved.
Running: /opt/Xilinx/Vivado/2018.1/bin/unwrapped/lnx64.o/xelab -wto a9fe0a72742947588f699d0713e15d39 --incr --debug typical --relax --mt 8 -L xil_defaultlib -L secureip --snapshot sum_rest4b_tb_behav xil_defaultlib.sum_rest4b_tb -log elaborate.log 
Using 8 slave threads.
Starting static elaboration
WARNING: [VRFC 10-122] sum_rest1b remains a black-box since it has no binding entity [/home/pablo/Documentos/Especializacin/5_CLP/Codigos/3_sum_rest4b/simulacion/sum_rest4b/sum_rest4b.srcs/sources_1/imports/fuentes/sum_rest4b.vhd:34]
WARNING: [VRFC 10-122] sum_rest1b remains a black-box since it has no binding entity [/home/pablo/Documentos/Especializacin/5_CLP/Codigos/3_sum_rest4b/simulacion/sum_rest4b/sum_rest4b.srcs/sources_1/imports/fuentes/sum_rest4b.vhd:44]
WARNING: [VRFC 10-122] sum_rest1b remains a black-box since it has no binding entity [/home/pablo/Documentos/Especializacin/5_CLP/Codigos/3_sum_rest4b/simulacion/sum_rest4b/sum_rest4b.srcs/sources_1/imports/fuentes/sum_rest4b.vhd:54]
WARNING: [VRFC 10-122] sum_rest1b remains a black-box since it has no binding entity [/home/pablo/Documentos/Especializacin/5_CLP/Codigos/3_sum_rest4b/simulacion/sum_rest4b/sum_rest4b.srcs/sources_1/imports/fuentes/sum_rest4b.vhd:64]
Completed static elaboration
INFO: [XSIM 43-4323] No Change in HDL. Linking previously generated obj files to create kernel
INFO: [USF-XSim-69] 'elaborate' step finished in '1' seconds
INFO: [USF-XSim-4] XSim::Simulate design
INFO: [USF-XSim-61] Executing 'SIMULATE' step in '/home/pablo/Documentos/Especializacin/5_CLP/Codigos/3_sum_rest4b/simulacion/sum_rest4b/sum_rest4b.sim/sim_1/behav/xsim'
INFO: [USF-XSim-98] *** Running xsim
   with args "sum_rest4b_tb_behav -key {Behavioral:sim_1:Functional:sum_rest4b_tb} -tclbatch {sum_rest4b_tb.tcl} -log {simulate.log}"
INFO: [USF-XSim-8] Loading simulator feature
Vivado Simulator 2018.1
Time resolution is 1 ps
source sum_rest4b_tb.tcl
# set curr_wave [current_wave_config]
# if { [string length $curr_wave] == 0 } {
#   if { [llength [get_objects]] > 0} {
#     add_wave /
#     set_property needs_save false [current_wave_config]
#   } else {
#      send_msg_id Add_Wave-1 WARNING "No top level signals found. Simulator will start without a wave window. If you want to open a wave window go to 'File->New Waveform Configuration' or type 'create_wave_config' in the TCL console."
#   }
# }
# run 1000ns
INFO: [USF-XSim-96] XSim completed. Design snapshot 'sum_rest4b_tb_behav' loaded.
INFO: [USF-XSim-97] XSim simulation ran for 1000ns
add_bp {/home/pablo/Documentos/Especializacin/5_CLP/Codigos/3_sum_rest4b/simulacion/sum_rest4b/sum_rest4b.srcs/sources_1/imports/fuentes/sum_rest4b.vhd} 74
remove_bps -file {/home/pablo/Documentos/Especializacin/5_CLP/Codigos/3_sum_rest4b/simulacion/sum_rest4b/sum_rest4b.srcs/sources_1/imports/fuentes/sum_rest4b.vhd} -line 74
close_sim
INFO: [Simtcl 6-16] Simulation closed
launch_simulation
INFO: [Vivado 12-5682] Launching behavioral simulation in '/home/pablo/Documentos/Especializacin/5_CLP/Codigos/3_sum_rest4b/simulacion/sum_rest4b/sum_rest4b.sim/sim_1/behav/xsim'
INFO: [SIM-utils-51] Simulation object is 'sim_1'
INFO: [SIM-utils-54] Inspecting design source files for 'sum_rest4b_tb' in fileset 'sim_1'...
INFO: [USF-XSim-97] Finding global include files...
INFO: [USF-XSim-98] Fetching design files from 'sim_1'...
INFO: [USF-XSim-2] XSim::Compile design
INFO: [USF-XSim-61] Executing 'COMPILE and ANALYZE' step in '/home/pablo/Documentos/Especializacin/5_CLP/Codigos/3_sum_rest4b/simulacion/sum_rest4b/sum_rest4b.sim/sim_1/behav/xsim'
xvhdl --incr --relax -prj sum_rest4b_tb_vhdl.prj
INFO: [USF-XSim-69] 'compile' step finished in '1' seconds
INFO: [USF-XSim-3] XSim::Elaborate design
INFO: [USF-XSim-61] Executing 'ELABORATE' step in '/home/pablo/Documentos/Especializacin/5_CLP/Codigos/3_sum_rest4b/simulacion/sum_rest4b/sum_rest4b.sim/sim_1/behav/xsim'
Vivado Simulator 2018.1
Copyright 1986-1999, 2001-2017 Xilinx, Inc. All Rights Reserved.
Running: /opt/Xilinx/Vivado/2018.1/bin/unwrapped/lnx64.o/xelab -wto a9fe0a72742947588f699d0713e15d39 --incr --debug typical --relax --mt 8 -L xil_defaultlib -L secureip --snapshot sum_rest4b_tb_behav xil_defaultlib.sum_rest4b_tb -log elaborate.log 
Using 8 slave threads.
Starting static elaboration
WARNING: [VRFC 10-122] sum_rest1b remains a black-box since it has no binding entity [/home/pablo/Documentos/Especializacin/5_CLP/Codigos/3_sum_rest4b/simulacion/sum_rest4b/sum_rest4b.srcs/sources_1/imports/fuentes/sum_rest4b.vhd:34]
WARNING: [VRFC 10-122] sum_rest1b remains a black-box since it has no binding entity [/home/pablo/Documentos/Especializacin/5_CLP/Codigos/3_sum_rest4b/simulacion/sum_rest4b/sum_rest4b.srcs/sources_1/imports/fuentes/sum_rest4b.vhd:44]
WARNING: [VRFC 10-122] sum_rest1b remains a black-box since it has no binding entity [/home/pablo/Documentos/Especializacin/5_CLP/Codigos/3_sum_rest4b/simulacion/sum_rest4b/sum_rest4b.srcs/sources_1/imports/fuentes/sum_rest4b.vhd:54]
WARNING: [VRFC 10-122] sum_rest1b remains a black-box since it has no binding entity [/home/pablo/Documentos/Especializacin/5_CLP/Codigos/3_sum_rest4b/simulacion/sum_rest4b/sum_rest4b.srcs/sources_1/imports/fuentes/sum_rest4b.vhd:64]
Completed static elaboration
INFO: [XSIM 43-4323] No Change in HDL. Linking previously generated obj files to create kernel
INFO: [USF-XSim-69] 'elaborate' step finished in '1' seconds
INFO: [USF-XSim-4] XSim::Simulate design
INFO: [USF-XSim-61] Executing 'SIMULATE' step in '/home/pablo/Documentos/Especializacin/5_CLP/Codigos/3_sum_rest4b/simulacion/sum_rest4b/sum_rest4b.sim/sim_1/behav/xsim'
INFO: [USF-XSim-98] *** Running xsim
   with args "sum_rest4b_tb_behav -key {Behavioral:sim_1:Functional:sum_rest4b_tb} -tclbatch {sum_rest4b_tb.tcl} -log {simulate.log}"
INFO: [USF-XSim-8] Loading simulator feature
Vivado Simulator 2018.1
Time resolution is 1 ps
source sum_rest4b_tb.tcl
# set curr_wave [current_wave_config]
# if { [string length $curr_wave] == 0 } {
#   if { [llength [get_objects]] > 0} {
#     add_wave /
#     set_property needs_save false [current_wave_config]
#   } else {
#      send_msg_id Add_Wave-1 WARNING "No top level signals found. Simulator will start without a wave window. If you want to open a wave window go to 'File->New Waveform Configuration' or type 'create_wave_config' in the TCL console."
#   }
# }
# run 1000ns
INFO: [USF-XSim-96] XSim completed. Design snapshot 'sum_rest4b_tb_behav' loaded.
INFO: [USF-XSim-97] XSim simulation ran for 1000ns
close_sim
INFO: [Simtcl 6-16] Simulation closed
launch_simulation
INFO: [Vivado 12-5682] Launching behavioral simulation in '/home/pablo/Documentos/Especializacin/5_CLP/Codigos/3_sum_rest4b/simulacion/sum_rest4b/sum_rest4b.sim/sim_1/behav/xsim'
INFO: [SIM-utils-51] Simulation object is 'sim_1'
INFO: [SIM-utils-54] Inspecting design source files for 'sum_rest4b_tb' in fileset 'sim_1'...
INFO: [USF-XSim-97] Finding global include files...
INFO: [USF-XSim-98] Fetching design files from 'sim_1'...
INFO: [USF-XSim-2] XSim::Compile design
INFO: [USF-XSim-61] Executing 'COMPILE and ANALYZE' step in '/home/pablo/Documentos/Especializacin/5_CLP/Codigos/3_sum_rest4b/simulacion/sum_rest4b/sum_rest4b.sim/sim_1/behav/xsim'
xvhdl --incr --relax -prj sum_rest4b_tb_vhdl.prj
INFO: [USF-XSim-69] 'compile' step finished in '1' seconds
INFO: [USF-XSim-3] XSim::Elaborate design
INFO: [USF-XSim-61] Executing 'ELABORATE' step in '/home/pablo/Documentos/Especializacin/5_CLP/Codigos/3_sum_rest4b/simulacion/sum_rest4b/sum_rest4b.sim/sim_1/behav/xsim'
Vivado Simulator 2018.1
Copyright 1986-1999, 2001-2017 Xilinx, Inc. All Rights Reserved.
Running: /opt/Xilinx/Vivado/2018.1/bin/unwrapped/lnx64.o/xelab -wto a9fe0a72742947588f699d0713e15d39 --incr --debug typical --relax --mt 8 -L xil_defaultlib -L secureip --snapshot sum_rest4b_tb_behav xil_defaultlib.sum_rest4b_tb -log elaborate.log 
Using 8 slave threads.
Starting static elaboration
WARNING: [VRFC 10-122] sum_rest1b remains a black-box since it has no binding entity [/home/pablo/Documentos/Especializacin/5_CLP/Codigos/3_sum_rest4b/simulacion/sum_rest4b/sum_rest4b.srcs/sources_1/imports/fuentes/sum_rest4b.vhd:34]
WARNING: [VRFC 10-122] sum_rest1b remains a black-box since it has no binding entity [/home/pablo/Documentos/Especializacin/5_CLP/Codigos/3_sum_rest4b/simulacion/sum_rest4b/sum_rest4b.srcs/sources_1/imports/fuentes/sum_rest4b.vhd:44]
WARNING: [VRFC 10-122] sum_rest1b remains a black-box since it has no binding entity [/home/pablo/Documentos/Especializacin/5_CLP/Codigos/3_sum_rest4b/simulacion/sum_rest4b/sum_rest4b.srcs/sources_1/imports/fuentes/sum_rest4b.vhd:54]
WARNING: [VRFC 10-122] sum_rest1b remains a black-box since it has no binding entity [/home/pablo/Documentos/Especializacin/5_CLP/Codigos/3_sum_rest4b/simulacion/sum_rest4b/sum_rest4b.srcs/sources_1/imports/fuentes/sum_rest4b.vhd:64]
Completed static elaboration
INFO: [XSIM 43-4323] No Change in HDL. Linking previously generated obj files to create kernel
INFO: [USF-XSim-69] 'elaborate' step finished in '1' seconds
INFO: [USF-XSim-4] XSim::Simulate design
INFO: [USF-XSim-61] Executing 'SIMULATE' step in '/home/pablo/Documentos/Especializacin/5_CLP/Codigos/3_sum_rest4b/simulacion/sum_rest4b/sum_rest4b.sim/sim_1/behav/xsim'
INFO: [USF-XSim-98] *** Running xsim
   with args "sum_rest4b_tb_behav -key {Behavioral:sim_1:Functional:sum_rest4b_tb} -tclbatch {sum_rest4b_tb.tcl} -log {simulate.log}"
INFO: [USF-XSim-8] Loading simulator feature
Vivado Simulator 2018.1
Time resolution is 1 ps
source sum_rest4b_tb.tcl
# set curr_wave [current_wave_config]
# if { [string length $curr_wave] == 0 } {
#   if { [llength [get_objects]] > 0} {
#     add_wave /
#     set_property needs_save false [current_wave_config]
#   } else {
#      send_msg_id Add_Wave-1 WARNING "No top level signals found. Simulator will start without a wave window. If you want to open a wave window go to 'File->New Waveform Configuration' or type 'create_wave_config' in the TCL console."
#   }
# }
# run 1000ns
INFO: [USF-XSim-96] XSim completed. Design snapshot 'sum_rest4b_tb_behav' loaded.
INFO: [USF-XSim-97] XSim simulation ran for 1000ns
close_sim
INFO: [Simtcl 6-16] Simulation closed
exit
INFO: [Common 17-206] Exiting Vivado at Mon Apr  5 02:52:15 2021...
