#-----------------------------------------------------------
# Vivado v2018.1 (64-bit)
# SW Build 2188600 on Wed Apr  4 18:39:19 MDT 2018
# IP Build 2185939 on Wed Apr  4 20:55:05 MDT 2018
# Start of session at: Mon Apr  5 04:42:49 2021
# Process ID: 2340
# Current directory: /home/pablo/Documentos/Especialización/5_CLP/Codigos/2_sumNb/simulacion
# Command line: vivado
# Log file: /home/pablo/Documentos/Especialización/5_CLP/Codigos/2_sumNb/simulacion/vivado.log
# Journal file: /home/pablo/Documentos/Especialización/5_CLP/Codigos/2_sumNb/simulacion/vivado.jou
#-----------------------------------------------------------
start_gui
create_project sumNb /home/pablo/Documentos/Especializacin/5_CLP/Codigos/2_sumNb/simulacion/sumNb -part xc7a12ticsg325-1L
INFO: [IP_Flow 19-234] Refreshing IP repositories
INFO: [IP_Flow 19-1704] No user IP repositories specified
INFO: [IP_Flow 19-2313] Loaded Vivado IP repository '/opt/Xilinx/Vivado/2018.1/data/ip'.
set_property target_language VHDL [current_project]
add_files -norecurse -scan_for_includes {/home/pablo/Documentos/Especialización/5_CLP/Codigos/2_sumNb/fuentes/sumNb.vhd /home/pablo/Documentos/Especialización/5_CLP/Codigos/2_sumNb/fuentes/sum1b.vhd}
import_files -force -norecurse
INFO: [filemgmt 20-348] Importing the appropriate files for fileset: 'sources_1'
update_compile_order -fileset sources_1
set_property SOURCE_SET sources_1 [get_filesets sim_1]
add_files -fileset sim_1 -norecurse -scan_for_includes /home/pablo/Documentos/Especialización/5_CLP/Codigos/2_sumNb/fuentes/sumNb_tb.vhd
import_files -fileset sim_1 -norecurse /home/pablo/Documentos/Especialización/5_CLP/Codigos/2_sumNb/fuentes/sumNb_tb.vhd
update_compile_order -fileset sim_1
launch_simulation
INFO: [Vivado 12-5682] Launching behavioral simulation in '/home/pablo/Documentos/Especializacin/5_CLP/Codigos/2_sumNb/simulacion/sumNb/sumNb.sim/sim_1/behav/xsim'
INFO: [SIM-utils-51] Simulation object is 'sim_1'
INFO: [SIM-utils-54] Inspecting design source files for 'sumNb_tb' in fileset 'sim_1'...
INFO: [USF-XSim-97] Finding global include files...
INFO: [USF-XSim-98] Fetching design files from 'sim_1'...
INFO: [USF-XSim-2] XSim::Compile design
INFO: [USF-XSim-61] Executing 'COMPILE and ANALYZE' step in '/home/pablo/Documentos/Especializacin/5_CLP/Codigos/2_sumNb/simulacion/sumNb/sumNb.sim/sim_1/behav/xsim'
xvhdl --incr --relax -prj sumNb_tb_vhdl.prj
INFO: [VRFC 10-163] Analyzing VHDL file "/home/pablo/Documentos/Especializacin/5_CLP/Codigos/2_sumNb/simulacion/sumNb/sumNb.srcs/sources_1/imports/fuentes/sum1b.vhd" into library xil_defaultlib
INFO: [VRFC 10-307] analyzing entity sum1b
INFO: [VRFC 10-163] Analyzing VHDL file "/home/pablo/Documentos/Especializacin/5_CLP/Codigos/2_sumNb/simulacion/sumNb/sumNb.srcs/sources_1/imports/fuentes/sumNb.vhd" into library xil_defaultlib
INFO: [VRFC 10-307] analyzing entity sumNb
INFO: [VRFC 10-163] Analyzing VHDL file "/home/pablo/Documentos/Especializacin/5_CLP/Codigos/2_sumNb/simulacion/sumNb/sumNb.srcs/sim_1/imports/fuentes/sumNb_tb.vhd" into library xil_defaultlib
INFO: [VRFC 10-307] analyzing entity sumNb_tb
INFO: [USF-XSim-69] 'compile' step finished in '1' seconds
INFO: [USF-XSim-3] XSim::Elaborate design
INFO: [USF-XSim-61] Executing 'ELABORATE' step in '/home/pablo/Documentos/Especializacin/5_CLP/Codigos/2_sumNb/simulacion/sumNb/sumNb.sim/sim_1/behav/xsim'
Vivado Simulator 2018.1
Copyright 1986-1999, 2001-2017 Xilinx, Inc. All Rights Reserved.
Running: /opt/Xilinx/Vivado/2018.1/bin/unwrapped/lnx64.o/xelab -wto 0257c3b8612848359a59b01ff1eab9d7 --incr --debug typical --relax --mt 8 -L xil_defaultlib -L secureip --snapshot sumNb_tb_behav xil_defaultlib.sumNb_tb -log elaborate.log 
Using 8 slave threads.
Starting static elaboration
ERROR: [VRFC 10-665] expression has 5 elements ; formal s_o expects 4 [/home/pablo/Documentos/Especializacin/5_CLP/Codigos/2_sumNb/simulacion/sumNb/sumNb.srcs/sim_1/imports/fuentes/sumNb_tb.vhd:48]
ERROR: [XSIM 43-3321] Static elaboration of top level VHDL design unit sumnb_tb in library work failed.
INFO: [USF-XSim-69] 'elaborate' step finished in '1' seconds
INFO: [USF-XSim-99] Step results log file:'/home/pablo/Documentos/Especializacin/5_CLP/Codigos/2_sumNb/simulacion/sumNb/sumNb.sim/sim_1/behav/xsim/elaborate.log'
ERROR: [USF-XSim-62] 'elaborate' step failed with error(s). Please check the Tcl console output or '/home/pablo/Documentos/Especializacin/5_CLP/Codigos/2_sumNb/simulacion/sumNb/sumNb.sim/sim_1/behav/xsim/elaborate.log' file for more information.
ERROR: [Vivado 12-4473] Detected error while running simulation. Please correct the issue and retry this operation.
ERROR: [Common 17-39] 'launch_simulation' failed due to earlier errors.
update_compile_order -fileset sim_1
exit
INFO: [Common 17-206] Exiting Vivado at Mon Apr  5 04:48:15 2021...
